2020-06-27 20:18:44,140 - DEBUG :: database_objects_usuario.log 82 :: Authenticate user with email: a@a.com
2020-06-27 20:18:44,141 - DEBUG :: database_objects_usuario.log 76 :: SQL Select: SELECT * FROM `usuario` WHERE `usu_email` = :usu_email
2020-06-27 20:18:44,141 - DEBUG :: database_objects_usuario.log 77 :: SQL Values: {'usu_email': 'a@a.com'}
2020-06-27 20:18:44,142 - DEBUG :: database_objects_usuario.log 92 :: Authenticated
2020-06-27 20:20:20,657 - DEBUG :: database_objects_usuario.log 82 :: Authenticate user with email: a@a.com
2020-06-27 20:20:20,658 - DEBUG :: database_objects_usuario.log 76 :: SQL Select: SELECT * FROM `usuario` WHERE `usu_email` = :usu_email
2020-06-27 20:20:20,660 - DEBUG :: database_objects_usuario.log 77 :: SQL Values: {'usu_email': 'a@a.com'}
2020-06-27 20:20:20,660 - DEBUG :: database_objects_usuario.log 92 :: Authenticated
2020-06-27 20:22:23,936 - DEBUG :: database_objects_usuario.log 82 :: Authenticate user with email: a@a.com
2020-06-27 20:22:23,936 - DEBUG :: database_objects_usuario.log 76 :: SQL Select: SELECT * FROM `usuario` WHERE `usu_email` = :usu_email
2020-06-27 20:22:23,936 - DEBUG :: database_objects_usuario.log 77 :: SQL Values: {'usu_email': 'a@a.com'}
2020-06-27 20:22:23,944 - DEBUG :: database_objects_usuario.log 92 :: Authenticated
2020-06-27 20:24:45,538 - DEBUG :: database_objects_usuario.log 82 :: Authenticate user with email: a@a.com
2020-06-27 20:24:45,539 - DEBUG :: database_objects_usuario.log 76 :: SQL Select: SELECT * FROM `usuario` WHERE `usu_email` = :usu_email
2020-06-27 20:24:45,539 - DEBUG :: database_objects_usuario.log 77 :: SQL Values: {'usu_email': 'a@a.com'}
2020-06-27 20:24:45,539 - DEBUG :: database_objects_usuario.log 92 :: Authenticated
2020-06-27 20:35:24,764 - DEBUG :: database_objects_usuario.log 82 :: Authenticate user with email: a@a.com
2020-06-27 20:35:24,765 - DEBUG :: database_objects_usuario.log 76 :: SQL Select: SELECT * FROM `usuario` WHERE `usu_email` = :usu_email
2020-06-27 20:35:24,765 - DEBUG :: database_objects_usuario.log 77 :: SQL Values: {'usu_email': 'a@a.com'}
2020-06-27 20:35:24,765 - DEBUG :: database_objects_usuario.log 92 :: Authenticated
2020-06-27 20:35:49,514 - DEBUG :: database_objects_usuario.log 82 :: Authenticate user with email: a@a.com
2020-06-27 20:35:49,516 - DEBUG :: database_objects_usuario.log 76 :: SQL Select: SELECT * FROM `usuario` WHERE `usu_email` = :usu_email
2020-06-27 20:35:49,516 - DEBUG :: database_objects_usuario.log 77 :: SQL Values: {'usu_email': 'a@a.com'}
2020-06-27 20:35:49,517 - DEBUG :: database_objects_usuario.log 92 :: Authenticated
2020-06-27 20:44:51,800 - DEBUG :: database_objects_usuario.log 82 :: Authenticate user with email: a@a.com
2020-06-27 20:44:51,800 - DEBUG :: database_objects_usuario.log 76 :: SQL Select: SELECT * FROM `usuario` WHERE `usu_email` = :usu_email
2020-06-27 20:44:51,800 - DEBUG :: database_objects_usuario.log 77 :: SQL Values: {'usu_email': 'a@a.com'}
2020-06-27 20:44:51,801 - DEBUG :: database_objects_usuario.log 92 :: Authenticated
2020-06-27 20:45:00,855 - DEBUG :: database_objects_usuario.log 82 :: Authenticate user with email: a@a.com
2020-06-27 20:45:00,855 - DEBUG :: database_objects_usuario.log 76 :: SQL Select: SELECT * FROM `usuario` WHERE `usu_email` = :usu_email
2020-06-27 20:45:00,855 - DEBUG :: database_objects_usuario.log 77 :: SQL Values: {'usu_email': 'a@a.com'}
2020-06-27 20:45:00,856 - DEBUG :: database_objects_usuario.log 92 :: Authenticated
2020-06-27 20:45:38,673 - DEBUG :: database_objects_usuario.log 82 :: Authenticate user with email: a@a.com
2020-06-27 20:45:38,673 - DEBUG :: database_objects_usuario.log 76 :: SQL Select: SELECT * FROM `usuario` WHERE `usu_email` = :usu_email
2020-06-27 20:45:38,674 - DEBUG :: database_objects_usuario.log 77 :: SQL Values: {'usu_email': 'a@a.com'}
2020-06-27 20:45:38,674 - DEBUG :: database_objects_usuario.log 92 :: Authenticated
2020-06-27 20:45:44,926 - DEBUG :: database_objects_usuario.log 82 :: Authenticate user with email: a@a.com
2020-06-27 20:45:44,927 - DEBUG :: database_objects_usuario.log 76 :: SQL Select: SELECT * FROM `usuario` WHERE `usu_email` = :usu_email
2020-06-27 20:45:44,928 - DEBUG :: database_objects_usuario.log 77 :: SQL Values: {'usu_email': 'a@a.com'}
2020-06-27 20:45:44,929 - DEBUG :: database_objects_usuario.log 92 :: Authenticated
2020-06-27 20:45:44,930 - DEBUG :: database_objects_usuario.log 76 :: SQL Select: SELECT * FROM `usuario` WHERE `usu_id` = :usu_id
2020-06-27 20:45:44,931 - DEBUG :: database_objects_usuario.log 77 :: SQL Values: {'usu_id': 1}
2020-06-27 20:45:59,095 - DEBUG :: database_objects_usuario.log 82 :: Authenticate user with email: a@a.com
2020-06-27 20:45:59,096 - DEBUG :: database_objects_usuario.log 76 :: SQL Select: SELECT * FROM `usuario` WHERE `usu_email` = :usu_email
2020-06-27 20:45:59,096 - DEBUG :: database_objects_usuario.log 77 :: SQL Values: {'usu_email': 'a@a.com'}
2020-06-27 20:45:59,096 - DEBUG :: database_objects_usuario.log 92 :: Authenticated
2020-06-27 20:46:14,883 - DEBUG :: database_objects_usuario.log 82 :: Authenticate user with email: a@a.com
2020-06-27 20:46:14,885 - DEBUG :: database_objects_usuario.log 76 :: SQL Select: SELECT * FROM `usuario` WHERE `usu_email` = :usu_email
2020-06-27 20:46:14,885 - DEBUG :: database_objects_usuario.log 77 :: SQL Values: {'usu_email': 'a@a.com'}
2020-06-27 20:46:14,886 - DEBUG :: database_objects_usuario.log 92 :: Authenticated
2020-06-27 20:46:14,886 - DEBUG :: database_objects_usuario.log 76 :: SQL Select: SELECT * FROM `usuario` WHERE `usu_id` = :usu_id
2020-06-27 20:46:14,888 - DEBUG :: database_objects_usuario.log 77 :: SQL Values: {'usu_id': 1}
2020-06-27 20:46:30,419 - DEBUG :: database_objects_usuario.log 82 :: Authenticate user with email: a@a.com
2020-06-27 20:46:30,419 - DEBUG :: database_objects_usuario.log 76 :: SQL Select: SELECT * FROM `usuario` WHERE `usu_email` = :usu_email
2020-06-27 20:46:30,419 - DEBUG :: database_objects_usuario.log 77 :: SQL Values: {'usu_email': 'a@a.com'}
2020-06-27 20:46:30,420 - DEBUG :: database_objects_usuario.log 92 :: Authenticated
2020-06-27 20:54:11,870 - DEBUG :: database_objects_usuario.log 82 :: Authenticate user with email: a@a.com
2020-06-27 20:54:11,870 - DEBUG :: database_objects_usuario.log 76 :: SQL Select: SELECT * FROM `usuario` WHERE `usu_email` = :usu_email
2020-06-27 20:54:11,870 - DEBUG :: database_objects_usuario.log 77 :: SQL Values: {'usu_email': 'a@a.com'}
2020-06-27 20:54:11,871 - DEBUG :: database_objects_usuario.log 92 :: Authenticated
2020-06-27 20:57:00,316 - DEBUG :: database_objects_usuario.log 82 :: Authenticate user with email: a@a.com
2020-06-27 20:57:00,316 - DEBUG :: database_objects_usuario.log 76 :: SQL Select: SELECT * FROM `usuario` WHERE `usu_email` = :usu_email
2020-06-27 20:57:00,316 - DEBUG :: database_objects_usuario.log 77 :: SQL Values: {'usu_email': 'a@a.com'}
2020-06-27 20:57:00,316 - DEBUG :: database_objects_usuario.log 92 :: Authenticated
2020-06-27 20:57:00,329 - DEBUG :: database_objects_usuario.log 76 :: SQL Select: SELECT * FROM `usuario` WHERE `usu_id` = :usu_id
2020-06-27 20:57:00,329 - DEBUG :: database_objects_usuario.log 77 :: SQL Values: {'usu_id': 1}
2020-06-27 20:57:09,108 - DEBUG :: database_objects_usuario.log 82 :: Authenticate user with email: a@a.com
2020-06-27 20:57:09,109 - DEBUG :: database_objects_usuario.log 76 :: SQL Select: SELECT * FROM `usuario` WHERE `usu_email` = :usu_email
2020-06-27 20:57:09,109 - DEBUG :: database_objects_usuario.log 77 :: SQL Values: {'usu_email': 'a@a.com'}
2020-06-27 20:57:09,109 - DEBUG :: database_objects_usuario.log 92 :: Authenticated
2020-06-27 20:57:09,122 - DEBUG :: database_objects_usuario.log 76 :: SQL Select: SELECT * FROM `usuario` WHERE `usu_id` = :usu_id
2020-06-27 20:57:09,122 - DEBUG :: database_objects_usuario.log 77 :: SQL Values: {'usu_id': 1}
2020-06-27 20:57:18,130 - DEBUG :: database_objects_usuario.log 82 :: Authenticate user with email: a@a.com
2020-06-27 20:57:18,130 - DEBUG :: database_objects_usuario.log 76 :: SQL Select: SELECT * FROM `usuario` WHERE `usu_email` = :usu_email
2020-06-27 20:57:18,130 - DEBUG :: database_objects_usuario.log 77 :: SQL Values: {'usu_email': 'a@a.com'}
2020-06-27 20:57:18,131 - DEBUG :: database_objects_usuario.log 92 :: Authenticated
2020-06-27 20:57:18,142 - DEBUG :: database_objects_usuario.log 76 :: SQL Select: SELECT * FROM `usuario` WHERE `usu_id` = :usu_id
2020-06-27 20:57:18,142 - DEBUG :: database_objects_usuario.log 77 :: SQL Values: {'usu_id': 1}
2020-06-27 20:57:27,409 - DEBUG :: database_objects_usuario.log 82 :: Authenticate user with email: a@a.com
2020-06-27 20:57:27,410 - DEBUG :: database_objects_usuario.log 76 :: SQL Select: SELECT * FROM `usuario` WHERE `usu_email` = :usu_email
2020-06-27 20:57:27,410 - DEBUG :: database_objects_usuario.log 77 :: SQL Values: {'usu_email': 'a@a.com'}
2020-06-27 20:57:27,410 - DEBUG :: database_objects_usuario.log 92 :: Authenticated
2020-06-27 20:57:27,422 - DEBUG :: database_objects_usuario.log 76 :: SQL Select: SELECT * FROM `usuario` WHERE `usu_id` = :usu_id
2020-06-27 20:57:27,422 - DEBUG :: database_objects_usuario.log 77 :: SQL Values: {'usu_id': 1}
2020-06-27 20:57:42,625 - DEBUG :: database_objects_usuario.log 82 :: Authenticate user with email: ij
2020-06-27 20:57:42,625 - DEBUG :: database_objects_usuario.log 76 :: SQL Select: SELECT * FROM `usuario` WHERE `usu_email` = :usu_email
2020-06-27 20:57:42,625 - DEBUG :: database_objects_usuario.log 77 :: SQL Values: {'usu_email': 'ij'}
2020-06-27 20:57:42,626 - DEBUG :: database_objects_usuario.log 86 :: User not found
2020-06-27 20:59:00,572 - DEBUG :: database_objects_usuario.log 82 :: Authenticate user with email: a@a.com
2020-06-27 20:59:00,572 - DEBUG :: database_objects_usuario.log 76 :: SQL Select: SELECT * FROM `usuario` WHERE `usu_email` = :usu_email
2020-06-27 20:59:00,572 - DEBUG :: database_objects_usuario.log 77 :: SQL Values: {'usu_email': 'a@a.com'}
2020-06-27 20:59:00,573 - DEBUG :: database_objects_usuario.log 92 :: Authenticated
2020-06-27 20:59:00,584 - DEBUG :: database_objects_usuario.log 76 :: SQL Select: SELECT * FROM `usuario` WHERE `usu_id` = :usu_id
2020-06-27 20:59:00,585 - DEBUG :: database_objects_usuario.log 77 :: SQL Values: {'usu_id': 1}
2020-06-27 20:59:10,131 - DEBUG :: database_objects_usuario.log 82 :: Authenticate user with email: dsa
2020-06-27 20:59:10,132 - DEBUG :: database_objects_usuario.log 76 :: SQL Select: SELECT * FROM `usuario` WHERE `usu_email` = :usu_email
2020-06-27 20:59:10,132 - DEBUG :: database_objects_usuario.log 77 :: SQL Values: {'usu_email': 'dsa'}
2020-06-27 20:59:10,132 - DEBUG :: database_objects_usuario.log 86 :: User not found
2020-06-27 20:59:17,458 - DEBUG :: database_objects_usuario.log 82 :: Authenticate user with email: aaaa
2020-06-27 20:59:17,458 - DEBUG :: database_objects_usuario.log 76 :: SQL Select: SELECT * FROM `usuario` WHERE `usu_email` = :usu_email
2020-06-27 20:59:17,458 - DEBUG :: database_objects_usuario.log 77 :: SQL Values: {'usu_email': 'aaaa'}
2020-06-27 20:59:17,459 - DEBUG :: database_objects_usuario.log 86 :: User not found
2020-06-27 20:59:29,696 - DEBUG :: database_objects_usuario.log 82 :: Authenticate user with email: kdsakdk
2020-06-27 20:59:29,696 - DEBUG :: database_objects_usuario.log 76 :: SQL Select: SELECT * FROM `usuario` WHERE `usu_email` = :usu_email
2020-06-27 20:59:29,697 - DEBUG :: database_objects_usuario.log 77 :: SQL Values: {'usu_email': 'kdsakdk'}
2020-06-27 20:59:29,697 - DEBUG :: database_objects_usuario.log 86 :: User not found
2020-06-27 20:59:41,911 - DEBUG :: database_objects_usuario.log 82 :: Authenticate user with email: 4t2@adas.com
2020-06-27 20:59:41,911 - DEBUG :: database_objects_usuario.log 76 :: SQL Select: SELECT * FROM `usuario` WHERE `usu_email` = :usu_email
2020-06-27 20:59:41,911 - DEBUG :: database_objects_usuario.log 77 :: SQL Values: {'usu_email': '4t2@adas.com'}
2020-06-27 20:59:41,912 - DEBUG :: database_objects_usuario.log 86 :: User not found
2020-06-27 20:59:49,980 - DEBUG :: database_objects_usuario.log 82 :: Authenticate user with email: a@a.com
2020-06-27 20:59:49,981 - DEBUG :: database_objects_usuario.log 76 :: SQL Select: SELECT * FROM `usuario` WHERE `usu_email` = :usu_email
2020-06-27 20:59:49,981 - DEBUG :: database_objects_usuario.log 77 :: SQL Values: {'usu_email': 'a@a.com'}
2020-06-27 20:59:49,981 - DEBUG :: database_objects_usuario.log 92 :: Authenticated
2020-06-27 20:59:49,993 - DEBUG :: database_objects_usuario.log 76 :: SQL Select: SELECT * FROM `usuario` WHERE `usu_id` = :usu_id
2020-06-27 20:59:49,993 - DEBUG :: database_objects_usuario.log 77 :: SQL Values: {'usu_id': 1}
2020-06-27 21:06:20,578 - DEBUG :: database_objects_usuario.log 76 :: SQL Select: SELECT * FROM `usuario` WHERE `usu_id` = :usu_id
2020-06-27 21:06:20,578 - DEBUG :: database_objects_usuario.log 77 :: SQL Values: {'usu_id': 1}
2020-06-27 21:06:32,315 - DEBUG :: database_objects_usuario.log 82 :: Authenticate user with email: a@a.com
2020-06-27 21:06:32,315 - DEBUG :: database_objects_usuario.log 76 :: SQL Select: SELECT * FROM `usuario` WHERE `usu_email` = :usu_email
2020-06-27 21:06:32,315 - DEBUG :: database_objects_usuario.log 77 :: SQL Values: {'usu_email': 'a@a.com'}
2020-06-27 21:06:32,316 - DEBUG :: database_objects_usuario.log 92 :: Authenticated
2020-06-27 21:06:32,326 - DEBUG :: database_objects_usuario.log 76 :: SQL Select: SELECT * FROM `usuario` WHERE `usu_id` = :usu_id
2020-06-27 21:06:32,326 - DEBUG :: database_objects_usuario.log 77 :: SQL Values: {'usu_id': 1}
2020-06-27 21:06:34,557 - DEBUG :: database_objects_usuario.log 76 :: SQL Select: SELECT * FROM `usuario` WHERE `usu_id` = :usu_id
2020-06-27 21:06:34,558 - DEBUG :: database_objects_usuario.log 77 :: SQL Values: {'usu_id': 1}
2020-06-27 21:06:36,448 - DEBUG :: database_objects_usuario.log 76 :: SQL Select: SELECT * FROM `usuario` WHERE `usu_id` = :usu_id
2020-06-27 21:06:36,448 - DEBUG :: database_objects_usuario.log 77 :: SQL Values: {'usu_id': 1}
2020-06-27 21:06:37,708 - DEBUG :: database_objects_usuario.log 76 :: SQL Select: SELECT * FROM `usuario` WHERE `usu_id` = :usu_id
2020-06-27 21:06:37,709 - DEBUG :: database_objects_usuario.log 77 :: SQL Values: {'usu_id': 1}
2020-06-27 21:06:39,630 - DEBUG :: database_objects_usuario.log 76 :: SQL Select: SELECT * FROM `usuario` WHERE `usu_id` = :usu_id
2020-06-27 21:06:39,630 - DEBUG :: database_objects_usuario.log 77 :: SQL Values: {'usu_id': 1}
